<?xml version="1.0" encoding="utf-8"?><testsuites name="pytest tests"><testsuite name="pytest" errors="0" failures="1" skipped="0" tests="15" time="9.897" timestamp="2026-05-18T23:26:02.391480+00:00" hostname="agent-env-219dda5e-909f-498d-91b1-9140869b9ba7"><testcase classname="backend.tests.test_admin_stats_modules" name="test_admin_endpoint_requires_auth[/admin/system-stats]" time="0.275" /><testcase classname="backend.tests.test_admin_stats_modules" name="test_admin_endpoint_requires_auth[/admin/live-stats]" time="0.048" /><testcase classname="backend.tests.test_admin_stats_modules" name="test_admin_endpoint_requires_auth[/admin/top-referrers]" time="0.051" /><testcase classname="backend.tests.test_admin_stats_modules" name="test_admin_endpoint_requires_auth[/admin/global-stats]" time="0.047" /><testcase classname="backend.tests.test_admin_stats_modules" name="test_admin_endpoint_rejects_bad_token[/admin/system-stats]" time="0.105" /><testcase classname="backend.tests.test_admin_stats_modules" name="test_admin_endpoint_rejects_bad_token[/admin/live-stats]" time="0.103" /><testcase classname="backend.tests.test_admin_stats_modules" name="test_admin_endpoint_rejects_bad_token[/admin/top-referrers]" time="0.103" /><testcase classname="backend.tests.test_admin_stats_modules" name="test_admin_endpoint_rejects_bad_token[/admin/global-stats]" time="0.103" /><testcase classname="backend.tests.test_admin_stats_modules" name="test_admin_endpoint_rejects_malformed_auth_header" time="0.105" /><testcase classname="backend.tests.test_admin_stats_modules" name="test_top_referrers_with_query_params_still_401" time="0.047" /><testcase classname="backend.tests.test_admin_stats_modules" name="test_regression_countries" time="8.540"><failure message="assert 502 == 200&#10; +  where 502 = &lt;Response [502]&gt;.status_code">backend/tests/test_admin_stats_modules.py:83: in test_regression_countries
    assert r.status_code == 200
E   assert 502 == 200
E    +  where 502 = &lt;Response [502]&gt;.status_code</failure></testcase><testcase classname="backend.tests.test_admin_stats_modules" name="test_regression_channels_france" time="0.080" /><testcase classname="backend.tests.test_admin_stats_modules" name="test_regression_stats" time="0.052" /><testcase classname="backend.tests.test_admin_stats_modules" name="test_regression_channels_by_ids" time="0.110" /><testcase classname="backend.tests.test_admin_stats_modules" name="test_root_after_psutil_import" time="0.050" /></testsuite></testsuites>