<?xml version="1.0" encoding="utf-8"?><testsuites name="pytest tests"><testsuite name="pytest" errors="0" failures="0" skipped="0" tests="9" time="2.769" timestamp="2026-06-13T00:04:46.921967+00:00" hostname="agent-env-13397054-3ae8-4aa4-8884-3f3e2d2441a8"><testcase classname="backend.tests.test_jack07_multisport.TestJack07Sports" name="test_sports_endpoint_lists_seven" time="0.124" /><testcase classname="backend.tests.test_jack07_multisport.TestJack07MatchesPerSport" name="test_matches_for_sport[1-Football-football]" time="0.559" /><testcase classname="backend.tests.test_jack07_multisport.TestJack07MatchesPerSport" name="test_matches_for_sport[2-Basketball-basketball]" time="0.082" /><testcase classname="backend.tests.test_jack07_multisport.TestJack07MatchesPerSport" name="test_matches_for_sport[3-Tennis-tennis]" time="0.071" /><testcase classname="backend.tests.test_jack07_multisport.TestJack07MatchesPerSport" name="test_football_total_positive" time="0.065" /><testcase classname="backend.tests.test_jack07_multisport.TestJack07MatchesPerSport" name="test_invalid_sport_returns_400" time="0.043" /><testcase classname="backend.tests.test_jack07_multisport.TestJack07LogosFixed" name="test_logos_not_on_dead_host_and_reachable" time="0.159" /><testcase classname="backend.tests.test_jack07_multisport.TestJack07ProxyStream" name="test_streams_returns_signed_proxy_url" time="0.986" /><testcase classname="backend.tests.test_jack07_multisport.TestJack07ProxyStream" name="test_manifest_fetch_via_proxy" time="0.596" /></testsuite></testsuites>