<?xml version="1.0" encoding="utf-8"?><testsuites name="pytest tests"><testsuite name="pytest" errors="0" failures="0" skipped="0" tests="5" time="4.480" timestamp="2026-06-13T00:55:23.054024+00:00" hostname="agent-env-13397054-3ae8-4aa4-8884-3f3e2d2441a8"><testcase classname="backend.tests.test_jack07_iter10.TestJack07Sports" name="test_sports_list_has_at_least_14" time="0.220" /><testcase classname="backend.tests.test_jack07_iter10.TestJack07AllMatches" name="test_all_matches_returns_combined_payload" time="0.562" /><testcase classname="backend.tests.test_jack07_iter10.TestJack07StreamsDualMode" name="test_streams_have_both_manifest_and_api_url" time="0.936" /><testcase classname="backend.tests.test_jack07_iter10.TestJack07ManifestProxy" name="test_manifest_proxy_returns_m3u8_with_absolute_segments" time="1.209" /><testcase classname="backend.tests.test_jack07_iter10.TestRegularChannelStream" name="test_channel_stream_has_cors_header" time="1.475" /></testsuite></testsuites>