<?xml version="1.0" encoding="utf-8"?><testsuites name="pytest tests"><testsuite name="pytest" errors="0" failures="0" skipped="0" tests="11" time="14.569" timestamp="2026-06-14T23:47:11.688930+00:00" hostname="agent-env-d746d769-c68a-429d-bf08-3331a820487b"><testcase classname="backend.tests.test_jacktv_admin_iter10.TestJackTvOverlayConfigPublic" name="test_overlay_config_returns_200" time="11.464" /><testcase classname="backend.tests.test_jacktv_admin_iter10.TestJackTvOverlayConfigPublic" name="test_overlay_config_has_all_keys" time="0.191" /><testcase classname="backend.tests.test_jacktv_admin_iter10.TestJackTvOverlayConfigPublic" name="test_overlay_config_default_site_url" time="0.052" /><testcase classname="backend.tests.test_jacktv_admin_iter10.TestJackTvAdminAuth" name="test_admin_get_without_auth_401" time="0.051" /><testcase classname="backend.tests.test_jacktv_admin_iter10.TestJackTvAdminAuth" name="test_admin_patch_without_auth_401" time="0.053" /><testcase classname="backend.tests.test_jacktv_admin_iter10.TestJackTvAdminAuth" name="test_admin_patch_invalid_body_no_auth_401_or_422" time="0.076" /><testcase classname="backend.tests.test_jacktv_admin_iter10.TestJackTvPipelineRegression" name="test_jacktv_sports_200" time="0.130" /><testcase classname="backend.tests.test_jacktv_admin_iter10.TestJackTvPipelineRegression" name="test_jacktv_all_matches_200" time="0.375" /><testcase classname="backend.tests.test_jacktv_admin_iter10.TestPublicEndpointsRegression" name="test_public_daddy_channels_limit_5" time="1.060" /><testcase classname="backend.tests.test_jacktv_admin_iter10.TestPublicEndpointsRegression" name="test_public_football_200" time="0.735" /><testcase classname="backend.tests.test_jacktv_admin_iter10.TestPublicEndpointsRegression" name="test_public_sports_200" time="0.057" /></testsuite></testsuites>