<?xml version="1.0" encoding="utf-8"?><testsuites name="pytest tests"><testsuite name="pytest" errors="0" failures="0" skipped="1" tests="13" time="4.236" timestamp="2026-05-20T00:19:32.284079+00:00" hostname="agent-env-805d70d4-e97b-4378-9c46-7cee5900c464"><testcase classname="backend.tests.test_daddy_slug_cache.TestChannelsCache" name="test_channels_root_fast_and_nonempty" time="0.785" /><testcase classname="backend.tests.test_daddy_slug_cache.TestChannelsCache" name="test_channels_france_filter" time="0.051" /><testcase classname="backend.tests.test_daddy_slug_cache.TestMongoCache" name="test_cached_catalog_exists" time="0.094" /><testcase classname="backend.tests.test_daddy_slug_cache.TestDaddyChannels" name="test_list_channels_with_18plus_category" time="0.911" /><testcase classname="backend.tests.test_daddy_slug_cache.TestDaddyStreamNumeric" name="test_stream_numeric_returns_both_urls[116]" time="0.190" /><testcase classname="backend.tests.test_daddy_slug_cache.TestDaddyStreamNumeric" name="test_stream_numeric_returns_both_urls[121]" time="0.187" /><testcase classname="backend.tests.test_daddy_slug_cache.TestDaddyStreamNumeric" name="test_stream_numeric_returns_both_urls[123]" time="0.191" /><testcase classname="backend.tests.test_daddy_slug_cache.TestDaddyStreamNumeric" name="test_stream_numeric_returns_both_urls[957]" time="0.185" /><testcase classname="backend.tests.test_daddy_slug_cache.TestDaddyStreamNumeric" name="test_stream_numeric_returns_both_urls[958]" time="0.187" /><testcase classname="backend.tests.test_daddy_slug_cache.TestDaddyStreamSlug" name="test_stream_slug_resolves_to_both_urls[slug-automoto-la-chaine]" time="0.722" /><testcase classname="backend.tests.test_daddy_slug_cache.TestDaddyStreamSlug" name="test_stream_slug_resolves_to_both_urls[slug-18-plus-18]" time="0.187" /><testcase classname="backend.tests.test_daddy_slug_cache.TestDaddyStreamSlug" name="test_stream_slug_resolves_to_both_urls[slug-18-plus-18-alt1]" time="0.189" /><testcase classname="backend.tests.test_daddy_slug_cache.TestDaddyProxy" name="test_proxy_returns_hls" time="0.281"><skipped type="pytest.skip" message="upstream unavailable (status 502)">/app/backend/tests/test_daddy_slug_cache.py:153: upstream unavailable (status 502)</skipped></testcase></testsuite></testsuites>