<?xml version="1.0" encoding="utf-8"?><testsuites name="pytest tests"><testsuite name="pytest" errors="0" failures="0" skipped="0" tests="6" time="4.252" timestamp="2026-06-13T00:32:04.989507+00:00" hostname="agent-env-13397054-3ae8-4aa4-8884-3f3e2d2441a8"><testcase classname="backend.tests.test_jack07_iter9.TestScheduledMatchesHaveNoScores" name="test_no_score_on_scheduled_football_matches" time="0.829" /><testcase classname="backend.tests.test_jack07_iter9.TestScheduledMatchesHaveNoScores" name="test_live_or_finished_may_carry_scores" time="0.063" /><testcase classname="backend.tests.test_jack07_iter9.TestStreamsReturnClientSideApiUrl" name="test_streams_have_client_side_api_url" time="1.223" /><testcase classname="backend.tests.test_jack07_iter9.TestStreamCounts" name="test_stream_counts_returns_counts_per_id" time="0.103" /><testcase classname="backend.tests.test_jack07_iter9.TestStreamCounts" name="test_stream_counts_empty_ids" time="0.040" /><testcase classname="backend.tests.test_jack07_iter9.TestRegularTvChannelStream" name="test_channel_stream_returns_valid_hls" time="1.904" /></testsuite></testsuites>