<?xml version="1.0" encoding="utf-8"?><testsuites name="pytest tests"><testsuite name="pytest" errors="0" failures="0" skipped="0" tests="13" time="4.842" timestamp="2026-05-19T17:55:46.885707+00:00" hostname="agent-env-7c68a74e-17d8-4da1-8af1-b404a231c1a7"><testcase classname="backend.tests.test_daddy_sports_football.TestDaddy" name="test_channels_listing" time="1.173" /><testcase classname="backend.tests.test_daddy_sports_football.TestDaddy" name="test_channel_116_bein_sports" time="0.055" /><testcase classname="backend.tests.test_daddy_sports_football.TestDaddy" name="test_channel_not_found" time="0.053" /><testcase classname="backend.tests.test_daddy_sports_football.TestDaddy" name="test_stream_proxy" time="0.050" /><testcase classname="backend.tests.test_daddy_sports_football.TestDaddyAdmin" name="test_admin_config_requires_auth" time="0.055" /><testcase classname="backend.tests.test_daddy_sports_football.TestDaddyAdmin" name="test_admin_config_invalid_token" time="0.379" /><testcase classname="backend.tests.test_daddy_sports_football.TestDaddyAdmin" name="test_admin_patch_requires_auth" time="0.051" /><testcase classname="backend.tests.test_daddy_sports_football.TestDaddyAdmin" name="test_admin_test_requires_auth" time="0.051" /><testcase classname="backend.tests.test_daddy_sports_football.TestSports" name="test_sports_matches" time="0.779" /><testcase classname="backend.tests.test_daddy_sports_football.TestSports" name="test_sports_info" time="0.794" /><testcase classname="backend.tests.test_daddy_sports_football.TestFootball" name="test_football_matches" time="1.168" /><testcase classname="backend.tests.test_daddy_sports_football.TestFootball" name="test_football_streams_empty_mid" time="0.050" /><testcase classname="backend.tests.test_daddy_sports_football.TestFootball" name="test_football_streams_for_first_match" time="0.101" /></testsuite></testsuites>