<?xml version="1.0" encoding="utf-8"?><testsuites name="pytest tests"><testsuite name="pytest" errors="0" failures="0" skipped="0" tests="8" time="4.563" timestamp="2026-05-20T00:40:38.418351+00:00" hostname="agent-env-805d70d4-e97b-4378-9c46-7cee5900c464"><testcase classname="backend.tests.test_public_api_contracts" name="test_public_daddy_channels_embed_url_is_ours" time="1.048" /><testcase classname="backend.tests.test_public_api_contracts" name="test_public_daddy_channel_single" time="0.105" /><testcase classname="backend.tests.test_public_api_contracts" name="test_public_sports_uses_opaque_token" time="0.772" /><testcase classname="backend.tests.test_public_api_contracts" name="test_public_football_no_raw_stream_fields" time="0.700" /><testcase classname="backend.tests.test_public_api_contracts" name="test_public_sports_info" time="0.290" /><testcase classname="backend.tests.test_public_api_contracts" name="test_daddy_stream_slug_resolver[slug-automoto-la-chaine]" time="1.091" /><testcase classname="backend.tests.test_public_api_contracts" name="test_daddy_stream_slug_resolver[slug-18-plus-18]" time="0.208" /><testcase classname="backend.tests.test_public_api_contracts" name="test_channels_france_under_2s" time="0.269" /></testsuite></testsuites>