<?xml version="1.0" encoding="utf-8"?><testsuites name="pytest tests"><testsuite name="pytest" errors="0" failures="1" skipped="0" tests="10" time="5.146" timestamp="2026-06-12T20:41:25.031036+00:00" hostname="agent-env-72ab0a8f-025e-465b-9b9e-9a1b702562ea"><testcase classname="backend.tests.test_jack07_and_deltawatch.TestJack07Matches" name="test_matches_returns_at_least_one" time="1.024" /><testcase classname="backend.tests.test_jack07_and_deltawatch.TestJack07Matches" name="test_match_shape" time="0.000" /><testcase classname="backend.tests.test_jack07_and_deltawatch.TestJack07Matches" name="test_totals_consistent" time="0.000" /><testcase classname="backend.tests.test_jack07_and_deltawatch.TestJack07Detail" name="test_detail" time="0.346" /><testcase classname="backend.tests.test_jack07_and_deltawatch.TestJack07Detail" name="test_events" time="0.321" /><testcase classname="backend.tests.test_jack07_and_deltawatch.TestJack07Detail" name="test_stats" time="0.282" /><testcase classname="backend.tests.test_jack07_and_deltawatch.TestJack07Detail" name="test_streams_endpoint" time="0.049" /><testcase classname="backend.tests.test_jack07_and_deltawatch.TestJack07Public" name="test_public_matches_no_leak" time="0.065" /><testcase classname="backend.tests.test_jack07_and_deltawatch.TestJack07EmbedRedirect" name="test_token_redirect" time="0.175"><failure message="AssertionError: got 200 body=&lt;!doctype html&gt;&#10;  &lt;html lang=&quot;en&quot;&gt;&#10;      &lt;head&gt;&#10;          &lt;meta charset=&quot;utf-8&quot; /&gt;&#10;          &lt;meta name=&quot;viewport&quot; content=&quot;width=device-width, initial-scale=1&quot; /&gt;&#10;          &lt;meta name=&quot;theme-color&quot; content=&quot;#0&#10;assert 200 in (301, 302, 307, 308)&#10; +  where 200 = &lt;Response [200]&gt;.status_code">backend/tests/test_jack07_and_deltawatch.py:143: in test_token_redirect
    assert r2.status_code in (301, 302, 307, 308), f"got {r2.status_code} body={r2.text[:200]}"
E   AssertionError: got 200 body=&lt;!doctype html&gt;
E     &lt;html lang="en"&gt;
E         &lt;head&gt;
E             &lt;meta charset="utf-8" /&gt;
E             &lt;meta name="viewport" content="width=device-width, initial-scale=1" /&gt;
E             &lt;meta name="theme-color" content="#0
E   assert 200 in (301, 302, 307, 308)
E    +  where 200 = &lt;Response [200]&gt;.status_code</failure></testcase><testcase classname="backend.tests.test_jack07_and_deltawatch.TestVavooDeltawatch" name="test_stream_resolves_via_deltawatch" time="2.628" /></testsuite></testsuites>