<?xml version="1.0" encoding="utf-8"?><testsuites name="pytest tests"><testsuite name="pytest" errors="0" failures="0" skipped="0" tests="8" time="12.341" timestamp="2026-05-18T18:44:59.571147+00:00" hostname="agent-env-769dd94a-95ea-4742-8b30-7102d03f2a27"><testcase classname="backend.tests.test_novastream_api" name="test_root_returns_novastream_status" time="0.157" /><testcase classname="backend.tests.test_novastream_api" name="test_countries_includes_france" time="10.451" /><testcase classname="backend.tests.test_novastream_api" name="test_categories_returns_8_french_categories" time="0.086" /><testcase classname="backend.tests.test_novastream_api" name="test_channels_france_returns_data_without_url_field" time="0.133" /><testcase classname="backend.tests.test_novastream_api" name="test_channels_france_sport_filter" time="0.082" /><testcase classname="backend.tests.test_novastream_api" name="test_channels_france_search_filter" time="0.078" /><testcase classname="backend.tests.test_novastream_api" name="test_stream_returns_proxy_url_hidden_source" time="0.498" /><testcase classname="backend.tests.test_novastream_api" name="test_hls_proxy_rewrites_m3u8" time="0.731" /></testsuite></testsuites>