<?xml version="1.0" encoding="utf-8"?><testsuites name="pytest tests"><testsuite name="pytest" errors="0" failures="2" skipped="0" tests="17" time="68.404" timestamp="2026-05-18T22:56:35.092065+00:00" hostname="agent-env-219dda5e-909f-498d-91b1-9140869b9ba7"><testcase classname="backend.tests.test_novastream_api" name="test_root_returns_novastream_status" time="0.137" /><testcase classname="backend.tests.test_novastream_api" name="test_countries_includes_france" time="60.049"><failure message="assert 502 == 200&#10; +  where 502 = &lt;Response [502]&gt;.status_code">backend/tests/test_novastream_api.py:34: in test_countries_includes_france
    assert r.status_code == 200
E   assert 502 == 200
E    +  where 502 = &lt;Response [502]&gt;.status_code</failure></testcase><testcase classname="backend.tests.test_novastream_api" name="test_categories_returns_8_french_categories" time="0.171" /><testcase classname="backend.tests.test_novastream_api" name="test_channels_france_returns_data_without_url_field" time="0.082" /><testcase classname="backend.tests.test_novastream_api" name="test_channels_france_sport_filter" time="0.061" /><testcase classname="backend.tests.test_novastream_api" name="test_channels_france_search_filter" time="0.053" /><testcase classname="backend.tests.test_novastream_api" name="test_stream_returns_proxy_url_hidden_source" time="1.417" /><testcase classname="backend.tests.test_novastream_api" name="test_hls_proxy_rewrites_m3u8" time="4.742"><failure message="AssertionError: assert '#EXTM3U' in '/api/hls?u=https%3A%2F%2Ftd3wb1bchdvsahp.ngolpdkyoctjcddxshli469r.org%2Fsunshine%2FcsAD04qM-BU-0nQM95nQjE6IOKtCCD2qBb2jXGWgVkPPwkBQuDAwzStUa5MZbi27WHqtQqXUXs5illXNRqhIX0g89JkeAgxSFkzy9rE8ntSPAM78nGG1L3OgKf_EfxV-ESnd7pBBQYsxaiC1PUxruDQcFvWQoHGJNNDxV9a46HxJ48UxwlU1hlNqJnakLG8JW_9428iQ72kqiftRlTe5hmDpkwyuqxhHaJ79n719kq1tEZkcWNvU6hHubPTxllJwWob5aWeMHPir_D1DRyPzO6EM3IHEYmVhUtZB4Y02pQc%2Fhls%2FUnavailable%203\n'">backend/tests/test_novastream_api.py:139: in test_hls_proxy_rewrites_m3u8
    assert "#EXTM3U" in text
E   AssertionError: assert '#EXTM3U' in '/api/hls?u=https%3A%2F%2Ftd3wb1bchdvsahp.ngolpdkyoctjcddxshli469r.org%2Fsunshine%2FcsAD04qM-BU-0nQM95nQjE6IOKtCCD2qBb2jXGWgVkPPwkBQuDAwzStUa5MZbi27WHqtQqXUXs5illXNRqhIX0g89JkeAgxSFkzy9rE8ntSPAM78nGG1L3OgKf_EfxV-ESnd7pBBQYsxaiC1PUxruDQcFvWQoHGJNNDxV9a46HxJ48UxwlU1hlNqJnakLG8JW_9428iQ72kqiftRlTe5hmDpkwyuqxhHaJ79n719kq1tEZkcWNvU6hHubPTxllJwWob5aWeMHPir_D1DRyPzO6EM3IHEYmVhUtZB4Y02pQc%2Fhls%2FUnavailable%203\n'</failure></testcase><testcase classname="backend.tests.test_supabase_and_extras" name="test_stats_returns_required_fields" time="0.218" /><testcase classname="backend.tests.test_supabase_and_extras" name="test_channels_by_ids_returns_enriched_list" time="0.108" /><testcase classname="backend.tests.test_supabase_and_extras" name="test_channels_by_ids_empty_returns_empty" time="0.052" /><testcase classname="backend.tests.test_supabase_and_extras" name="test_admin_generate_keys_requires_auth" time="0.053" /><testcase classname="backend.tests.test_supabase_and_extras" name="test_admin_generate_keys_rejects_bad_token" time="0.191" /><testcase classname="backend.tests.test_supabase_and_extras" name="test_redeem_vip_requires_auth" time="0.054" /><testcase classname="backend.tests.test_supabase_and_extras" name="test_redeem_vip_rejects_bad_token" time="0.102" /><testcase classname="backend.tests.test_supabase_and_extras" name="test_supabase_service_role_key_is_full_jwt" time="0.000" /><testcase classname="backend.tests.test_supabase_and_extras" name="test_hls_single_flight_concurrent" time="0.806" /></testsuite></testsuites>